PDF Path:app/pdf/16d7f8fb789ad109a2952211c50d7664b9632571be1450c4bf20a43b7a0e9910.pdf
{"hash_sha256":"16d7f8fb789ad109a2952211c50d7664b9632571be1450c4bf20a43b7a0e9910","created_at":"2016-06-23T10:27:43.615Z","updated_at":"2016-06-23T10:27:43.615Z","submitted_at":null,"title":"Innenstadt: Der Einzelhandel stirbt und das ist gut so - Wirtschaft - Süddeutsche.de"}
Origin Stamp Response:{"hash_sha256":"16d7f8fb789ad109a2952211c50d7664b9632571be1450c4bf20a43b7a0e9910","created_at":"2016-06-23T10:27:43.615Z","updated_at":"2016-06-23T10:27:43.615Z","submitted_at":null,"title":"Innenstadt: Der Einzelhandel stirbt und das ist gut so - Wirtschaft - Süddeutsche.de"}
Creating HTML and Hash
Hash:036a93c212bf075df78bb2468917773890802ce9eb596fad7c504d64a7c0d2f5
HTML:<!DOCTYPE html PUBLIC "-//W3C//DTD XHTML 1.0 Transitional//EN" "http://www.w3.org/TR/xhtml1/DTD/xhtml1-transitional.dtd">
<head>
<meta http-equiv="Content-Type" content="text/html; charset=utf-8">
</head>
<body>
<h1>Saudischer Öl-Minister: Die Ölflut ist zu Ende - Wirtschaft - Süddeutsche.de</h1><html><body><div><section class="body" id="article-body">
                                                            

        
        
            
                    
        
            
                                    <ul>
 <li>Der neue Ölminister Saudi-Arabiens ist überzeugt: Die Ölflut ist vorbei.</li>
 <li>Das Königreich werde künftig wieder die Kontrolle über Angebot und Nachfrage erlangen. Die Förderung dürfte das Land aber nicht einschränken.</li>
 <li>Der Forschungschef des zweitgrößten Staatsfonds der Welt sieht die Zukunft des Ölmarkts weniger optimistisch: Ein Ende der Ölschwemme sei frühestens Mitte 2017 realistisch.</li>
</ul>
                    
            
                    <section class="authors">
                      
            </section>
        
            

            
            <span class="opc-anchor opc-anchor-short"/>
        

<span id="sharingbaranchor"/>


  


  
  
  <p>Ende, aus, vorbei. Das war's mit der Ölkrise, mit der Ölflut, mit der Ölschwemme - kündigt zumindest der neue saudische Ölminister Khalid Al-Falih an. "Wir sind raus. Das Überangebot ist verschwunden", sagt er <a href="http://www.houstonchronicle.com/business/article/Saudi-energy-minister-says-oil-glut-has-vanished-8317909.php" target="_blank">in einem Interview</a> mit der amerikanischen Zeitung <i>Houston Chronicle</i>. Ab sofort werde sich <a href="http://www.sueddeutsche.de/thema/Saudi-Arabien" data-pagetype="THEME" class="themelink">Saudi-Arabien</a> wieder anschicken, die Kontrolle über den Ölmarkt zu erlangen, sagt Al-Falih. Es würde von dem Königreich "erwartet", für den Ausgleich von Angebot und Nachfrage zu sorgen, sobald sich der Markt erholt habe. Dieser Zeitpunkt sei jetzt gekommen.</p>

  
  


  
  
  <p>Dass sich der Preis für ein Fass (etwa 159 Liter) der maßgeblichen Sorte Brent zwar mittlerweile etwas stabilisiert hat, mit knapp über 50 Dollar aber weiterhin auf sehr niedrigem Niveau liegt, scheint Al-Falih nicht weiter zu beunruhigen. Dabei hat diese Entwicklung wenig damit zu tun, dass Ölvorräte schwinden, sondern liegt hauptsächlich an wirtschaftlichen Krisen in vielen Förderländern und an Förderunterbrechungen, beispielsweise in <a href="http://www.sueddeutsche.de/thema/Nigeria" data-pagetype="THEME" class="themelink">Nigeria</a>. Dort gab es zuletzt wiederholt Attacken auf Pipelines, die zu Ausfällen bei den Öl-Exporten führten.</p>

  
          
<figure class="teaserable-layout teaserable-layout--teaser">  <figcaption class="teaserable-layout__figcaption"> <a href="http://www.sueddeutsche.de/wirtschaft/oelpreis-die-macht-und-die-ohnmacht-des-oel-kartells-1.3014776" class="teaserable-layout__link"> <h3 class="teaserable-layout__title"><strong>Macht und Ohnmacht der Öl-Staaten</strong></h3> <span class="teaserable-layout__abstract"> Früher war die Opec für ihren Einfluss gefürchtet. Heute fragen sich viele: Wofür braucht man sie noch? Doch für einen Abgesang ist es zu früh. </span> <span class="teaserable-layout__authors">Analyse von Jan Willmroth</span> <span class="teaserable-layout__more">mehr ...</span> </a> </figcaption> </figure>
  


  
  
  <h3>Optimismus trotz Krisenzeiten</h3>

  
  


  
  
  <p>"Wir haben keine Angst, aber wir sind realistisch und wir wissen, dass Öl auch in den kommenden Jahrzehnten eine wichtige Rolle spielen wird", sagt der saudische Minister und Ex-Saudi-Aramco-Chef , für den es das erste große Interview ist, seit er im Mai den mächtigen Ministerposten übernommen hat. Bislang war es eher still um ihn, lieber suchte Al-Falih das Gespräch mit seinen Opec-Partnern als mit der Öffentlichkeit; schließlich gab es aufgrund des langanhaltend niedrigen <a href="http://www.sueddeutsche.de/thema/%C3%96lpreis" data-pagetype="THEME" class="themelink">Ölpreises</a> genug Redebedarf.</p>

  
  


  
    
  
  <p>Dass Saudi-Arabien selbst daran arbeiten werde, für eine Beseitigung des Überangebots zu sorgen, wird Al-Falih damit jedoch wohl kaum gemeint haben. Saudi-Arabien war bislang maßgeblich beteiligt am massiven Überangebot an Öl, das von Mitte 2014 an zu einem Preisverfall bis unter 30 Dollar pro Barrel führte. Statt die Förderung einzuschränken, ordnete der damalige mächtige Ölminister Ali Al-Naimi sogar, die Förderung auszuweiten. Er hoffte, so andere kleinere Ölproduzenten zurückzudrängen - geführt hat das zu historisch niedrigen Preisen für den Rohstoff.</p>

  
  


  
  
  <p>Im Interview hat al-Falih nun erneut betont, dass Saudi-Arabien seine Fördermenge auch künftig nicht zurückschrauben werde. "Niemand will die Ölwirtschaft in Saudi-Arabien ausschalten", sagt er. Zwar plant der Vize-Kronprinz Saudi-Arabiens, Mohammed Bin Salman, durch einen Staatsfonds sein Land aus der Öl-Abhängigkeit zu lösen. Eine Fördergrenze ist auf lange Sicht trotzdem nicht vorgesehen, sagt der Ölminister: "Wir versuchen im Gegenteil, die Förderung weiter auszubauen. Aber wir hoffen, dass der Rest unserer Wirtschaft noch stärker wächst."</p>

    <p id="iq-artikelanker"/>
  
  


  
  
  <h3>Aus den Vereinigten Arabischen Emiraten kommen andere Signale</h3>

  
  


  
  
  <p>Bislang hatte Al-Falih im Umgang mit seinen Opec-Partnern ein gutes Händchen. Bei einem Treffen der mächtigsten Förderländer im Mai hatte er deren Vertreter noch beruhigt und ihnen die Befürchtung zu nehmen versucht, Saudi-Arabien würde den Ölmarkt bald noch stärker fluten und seine Ölförderung auf bis zu 13 Millionen Barrel pro Tag aufstocken. Diese Beruhighungsstrategie scheint er nun mit der Aussage, die Ölflut sei vorbei, fortführen zu wollen.</p>

  
  


  
  
  <p>Aus den Vereinigten Arabischen Emiraten kommen derweil andere Signale. Der zweitgrößte Staatsfonds der Welt, <a href="http://www.sueddeutsche.de/thema/Abu_Dhabi" data-pagetype="THEME" class="themelink">Abu Dhabi</a> Investment Authority, ist mit seiner Prognose zum Ende der Ölflut deutlich zurückhaltender. Die Schwemme sei längst noch nicht vorbei und eine Balance werde es frühestens Mitte 2017 geben, sagte der Forschungschef des Fonds, Christof Ruehl. "Erst wenn der Winter kommt, bekommen wir eine Idee davon, auf welchem Level diese neue Balance überhaupt stattfinden kann", sagt er.</p>

  
  


  
  
  <p>Auch glaubt er nicht daran, dass der Ölpreis ohne Anpassungen weiter steigen werde. Was es braucht, um die 60 Dollar zu erreichen, sei simpel: mehr Pausen bei der Förderung<i>.</i></p>

  
          
<figure class="teaserable-layout teaserable-layout--teaser">  <figcaption class="teaserable-layout__figcaption"> <a href="http://www.sueddeutsche.de/wirtschaft/saudi-arabien-was-der-neue-saudische-oelminister-wirklich-plant-1.2985632" class="teaserable-layout__link"> <h3 class="teaserable-layout__title"><strong>Was der neue saudische Ölminister wirklich plant</strong></h3> <span class="teaserable-layout__abstract"> Eins ist sicher: Eine Begrenzung der Öl-Fördermenge, die weltwirtschaftlich so wichtig wäre, steht nicht auf Khalid al-Falihs Plan. </span> <span class="teaserable-layout__authors">Von Paul-Anton Krüger</span> <span class="teaserable-layout__more">mehr ...</span> </a> </figcaption> </figure>
  


            
        
            
        
    </section>


    
      </div></body></html></body>
{"errors":{"hash_sha256":["has already been taken"]}}
Origin Stamp Response:{"errors":{"hash_sha256":["has already been taken"]}}
Creating PNG from URL:http://www.sueddeutsche.de/wirtschaft/oelpreis-saudischer-oelminister-die-oelflut-ist-zu-ende-1.3047480
PNG Path:app/pdf/036a93c212bf075df78bb2468917773890802ce9eb596fad7c504d64a7c0d2f5.png
Creating PDF from URL:http://www.sueddeutsche.de/wirtschaft/oelpreis-saudischer-oelminister-die-oelflut-ist-zu-ende-1.3047480
PDF Path:app/pdf/036a93c212bf075df78bb2468917773890802ce9eb596fad7c504d64a7c0d2f5.pdf
