Creating PNG from URL:http://www.nytimes.com/2016/06/01/opinion/campaign-stops/trump-clinton-edsall-psychology-anti-pc-vote.html?ribbon-ad-idx=4&src=trending&module=Ribbon&version=origin&region=Header&action=click&contentCollection=Trending&pgtype=article
PNG Path:app/pdf/48eb280936d7db72512f7eaaf5bb714bb41cd2a02d17233c0f47d91ebaa85a46.png
Creating PDF from URL:http://www.nytimes.com/2016/06/01/opinion/campaign-stops/trump-clinton-edsall-psychology-anti-pc-vote.html?ribbon-ad-idx=4&src=trending&module=Ribbon&version=origin&region=Header&action=click&contentCollection=Trending&pgtype=article
PDF Path:app/pdf/48eb280936d7db72512f7eaaf5bb714bb41cd2a02d17233c0f47d91ebaa85a46.pdf
{"errors":{"hash_sha256":["has already been taken"]}}URL http://www.nytimes.com/2016/06/01/opinion/campaign-stops/trump-clinton-edsall-psychology-anti-pc-vote.html?ribbon-ad-idx=4&src=trending&module=Ribbon&version=origin&region=Header&action=click&contentCollection=Trending&pgtype=article
Origin Stamp Response:{"errors":{"hash_sha256":["has already been taken"]}}
Hash: 48eb280936d7db72512f7eaaf5bb714bb41cd2a02d17233c0f47d91ebaa85a46 submitted to originstamp
Creating PDF from URL:http://www.nytimes.com/2016/06/01/opinion/campaign-stops/trump-clinton-edsall-psychology-anti-pc-vote.html?ribbon-ad-idx=4&src=trending&module=Ribbon&version=origin&region=Header&action=click&contentCollection=Trending&pgtype=article
PDF Path:app/pdf/48eb280936d7db72512f7eaaf5bb714bb41cd2a02d17233c0f47d91ebaa85a46.pdf
{"errors":{"hash_sha256":["has already been taken"]}}URL http://www.nytimes.com/2016/06/01/opinion/campaign-stops/trump-clinton-edsall-psychology-anti-pc-vote.html?ribbon-ad-idx=4&src=trending&module=Ribbon&version=origin&region=Header&action=click&contentCollection=Trending&pgtype=article
Origin Stamp Response:{"errors":{"hash_sha256":["has already been taken"]}}
Hash: 48eb280936d7db72512f7eaaf5bb714bb41cd2a02d17233c0f47d91ebaa85a46 submitted to originstamp
Creating PNG from URL:http://www.nytimes.com/2016/06/01/opinion/campaign-stops/trump-clinton-edsall-psychology-anti-pc-vote.html?ribbon-ad-idx=4&src=trending&module=Ribbon&version=origin&region=Header&action=click&contentCollection=Trending&pgtype=article
PNG Path:app/pdf/48eb280936d7db72512f7eaaf5bb714bb41cd2a02d17233c0f47d91ebaa85a46.png
Creating PDF from URL:http://www.nytimes.com/2016/06/01/opinion/campaign-stops/trump-clinton-edsall-psychology-anti-pc-vote.html?ribbon-ad-idx=4&src=trending&module=Ribbon&version=origin&region=Header&action=click&contentCollection=Trending&pgtype=article
PDF Path:app/pdf/48eb280936d7db72512f7eaaf5bb714bb41cd2a02d17233c0f47d91ebaa85a46.pdf
{"errors":{"hash_sha256":["has already been taken"]}}URL http://www.nytimes.com/2016/06/01/opinion/campaign-stops/trump-clinton-edsall-psychology-anti-pc-vote.html?ribbon-ad-idx=4&src=trending&module=Ribbon&version=origin&region=Header&action=click&contentCollection=Trending&pgtype=article
Origin Stamp Response:{"errors":{"hash_sha256":["has already been taken"]}}
Hash: 48eb280936d7db72512f7eaaf5bb714bb41cd2a02d17233c0f47d91ebaa85a46 submitted to originstamp
Creating PNG from URL:http://www.nytimes.com/2016/06/01/opinion/campaign-stops/trump-clinton-edsall-psychology-anti-pc-vote.html?ribbon-ad-idx=4&src=trending&module=Ribbon&version=origin&region=Header&action=click&contentCollection=Trending&pgtype=article
PNG Path:app/pdf/48eb280936d7db72512f7eaaf5bb714bb41cd2a02d17233c0f47d91ebaa85a46.png
Creating PNG from URL:http://www.nytimes.com/2016/06/01/opinion/campaign-stops/trump-clinton-edsall-psychology-anti-pc-vote.html?ribbon-ad-idx=4&src=trending&module=Ribbon&version=origin&region=Header&action=click&contentCollection=Trending&pgtype=article
PNG Path:app/pdf/48eb280936d7db72512f7eaaf5bb714bb41cd2a02d17233c0f47d91ebaa85a46.png
Creating PDF from URL:http://www.nytimes.com/2016/06/01/opinion/campaign-stops/trump-clinton-edsall-psychology-anti-pc-vote.html?ribbon-ad-idx=4&src=trending&module=Ribbon&version=origin&region=Header&action=click&contentCollection=Trending&pgtype=article
PDF Path:app/pdf/48eb280936d7db72512f7eaaf5bb714bb41cd2a02d17233c0f47d91ebaa85a46.pdf
Creating PDF from URL:http://www.nytimes.com/2016/06/01/opinion/campaign-stops/trump-clinton-edsall-psychology-anti-pc-vote.html?ribbon-ad-idx=4&src=trending&module=Ribbon&version=origin&region=Header&action=click&contentCollection=Trending&pgtype=article
PDF Path:app/pdf/48eb280936d7db72512f7eaaf5bb714bb41cd2a02d17233c0f47d91ebaa85a46.pdf
{"errors":{"hash_sha256":["has already been taken"]}}URL http://www.nytimes.com/2016/06/01/opinion/campaign-stops/trump-clinton-edsall-psychology-anti-pc-vote.html?ribbon-ad-idx=4&src=trending&module=Ribbon&version=origin&region=Header&action=click&contentCollection=Trending&pgtype=article
Origin Stamp Response:{"errors":{"hash_sha256":["has already been taken"]}}
Hash: 48eb280936d7db72512f7eaaf5bb714bb41cd2a02d17233c0f47d91ebaa85a46 submitted to originstamp
{"errors":{"hash_sha256":["has already been taken"]}}URL http://www.nytimes.com/2016/06/01/opinion/campaign-stops/trump-clinton-edsall-psychology-anti-pc-vote.html?ribbon-ad-idx=4&src=trending&module=Ribbon&version=origin&region=Header&action=click&contentCollection=Trending&pgtype=article
Origin Stamp Response:{"errors":{"hash_sha256":["has already been taken"]}}
Hash: 48eb280936d7db72512f7eaaf5bb714bb41cd2a02d17233c0f47d91ebaa85a46 submitted to originstamp
Creating HTML and Hash
Hash:8f399077bfe389dd6227bce922fe301b8a8b4ede535e8801131d2aecd0739706
Creating HTML and Hash
Hash:c9c53b3b3b26a31f38ca988f7e7e5c024cbb6e7f0685bba2934ccd9b21aaec77
Creating HTML and Hash
Hash:7e96b7a4557db970bed24a119eeb10c14b6b1710b4832924ce5f2ac1949f94e6
Creating HTML and Hash
Hash:957ab38a06aaf0ec14c74738a7c4e8e7f10e5e8f7dd1907478c4191a0a705d94
Creating HTML and Hash
Hash:9b4f4918c4c8b468513dd04949cea3840e783116853bfff75a2d1e52db32f740
Creating PNG from URL:http://www.nytimes.com/2016/05/08/world/middleeast/saudi-arabia-government-shake-up.html?rref=homepage&module=Ribbon&version=context&region=Header&action=click&contentCollection=Home%20Page&pgtype=Multimedia
PNG Path:app/pdf/48eb280936d7db72512f7eaaf5bb714bb41cd2a02d17233c0f47d91ebaa85a46.png
Creating PDF from URL:http://www.nytimes.com/2016/05/08/world/middleeast/saudi-arabia-government-shake-up.html?rref=homepage&module=Ribbon&version=context&region=Header&action=click&contentCollection=Home%20Page&pgtype=Multimedia
PDF Path:app/pdf/48eb280936d7db72512f7eaaf5bb714bb41cd2a02d17233c0f47d91ebaa85a46.pdf
{"errors":{"hash_sha256":["has already been taken"]}}URL http://www.nytimes.com/2016/05/08/world/middleeast/saudi-arabia-government-shake-up.html?rref=homepage&module=Ribbon&version=context&region=Header&action=click&contentCollection=Home%20Page&pgtype=Multimedia
Origin Stamp Response:{"errors":{"hash_sha256":["has already been taken"]}}
Hash: 48eb280936d7db72512f7eaaf5bb714bb41cd2a02d17233c0f47d91ebaa85a46 submitted to originstamp
Creating HTML and Hash
Hash:9b4f4918c4c8b468513dd04949cea3840e783116853bfff75a2d1e52db32f740
Creating HTML and Hash
Hash:9b4f4918c4c8b468513dd04949cea3840e783116853bfff75a2d1e52db32f740
Creating HTML and Hash
Hash:9b4f4918c4c8b468513dd04949cea3840e783116853bfff75a2d1e52db32f740
Creating HTML and Hash
Hash:9b4f4918c4c8b468513dd04949cea3840e783116853bfff75a2d1e52db32f740
Creating HTML and Hash
Hash:58b6a0fcc29b11178d51aade55d78dd32e3c6b2956d4ee6e9e9f2e9a058bab04
Creating PNG from URL:http://www.nytimes.com/2016/06/05/opinion/sunday/john-adams-was-a-hermaphrodite.html?ribbon-ad-idx=4&src=trending&module=Ribbon&version=origin&region=Header&action=click&contentCollection=Trending&pgtype=article&mtrref=www.nytimes.com&gwh=0FC6E835BE9DC925467D270CB50BF778&gwt=pay&assetType=opinion
PNG Path:app/pdf/58b6a0fcc29b11178d51aade55d78dd32e3c6b2956d4ee6e9e9f2e9a058bab04.png
Creating PDF from URL:http://www.nytimes.com/2016/06/05/opinion/sunday/john-adams-was-a-hermaphrodite.html?ribbon-ad-idx=4&src=trending&module=Ribbon&version=origin&region=Header&action=click&contentCollection=Trending&pgtype=article&mtrref=www.nytimes.com&gwh=0FC6E835BE9DC925467D270CB50BF778&gwt=pay&assetType=opinion
PDF Path:app/pdf/58b6a0fcc29b11178d51aade55d78dd32e3c6b2956d4ee6e9e9f2e9a058bab04.pdf
{"hash_sha256":"58b6a0fcc29b11178d51aade55d78dd32e3c6b2956d4ee6e9e9f2e9a058bab04","created_at":"2016-06-05T17:24:35.019Z","updated_at":"2016-06-05T17:24:35.019Z","submitted_at":null,"title":"John Adams Was a Hermaphrodite? - The New York Times"}
Origin Stamp Response:{"hash_sha256":"58b6a0fcc29b11178d51aade55d78dd32e3c6b2956d4ee6e9e9f2e9a058bab04","created_at":"2016-06-05T17:24:35.019Z","updated_at":"2016-06-05T17:24:35.019Z","submitted_at":null,"title":"John Adams Was a Hermaphrodite? - The New York Times"}
Creating HTML and Hash
Hash:0e4f7790dbe9242de1182c3b8a0a3ae2cc1ea75fd076df0946cda885d139f52a
Creating PNG from URL:http://www.nytimes.com/2016/06/05/sunday-review/the-families-that-cant-afford-summer.html?ribbon-ad-idx=4&src=trending&module=Ribbon&version=origin&region=Header&action=click&contentCollection=Trending&pgtype=article&mtrref=www.nytimes.com&gwh=7366DFAA2EB8A26E6A738EE53CDE697F&gwt=pay&assetType=opinion
PNG Path:app/pdf/0e4f7790dbe9242de1182c3b8a0a3ae2cc1ea75fd076df0946cda885d139f52a.png
Creating PDF from URL:http://www.nytimes.com/2016/06/05/sunday-review/the-families-that-cant-afford-summer.html?ribbon-ad-idx=4&src=trending&module=Ribbon&version=origin&region=Header&action=click&contentCollection=Trending&pgtype=article&mtrref=www.nytimes.com&gwh=7366DFAA2EB8A26E6A738EE53CDE697F&gwt=pay&assetType=opinion
PDF Path:app/pdf/0e4f7790dbe9242de1182c3b8a0a3ae2cc1ea75fd076df0946cda885d139f52a.pdf
{"hash_sha256":"0e4f7790dbe9242de1182c3b8a0a3ae2cc1ea75fd076df0946cda885d139f52a","created_at":"2016-06-05T17:27:10.524Z","updated_at":"2016-06-05T17:27:10.524Z","submitted_at":null,"title":"The Families That Can’t Afford Summer - The New York Times"}
Creating HTML and Hash
